   Compiling cyrup_candle v0.1.0 (/Volumes/samsung_t9/cyrup/packages/candle)
   Compiling sweetmcp-pingora v0.3.1 (/Volumes/samsung_t9/cyrup/packages/sweetmcp/packages/pingora)
   Compiling sweetmcp-plugin-builder v0.1.0 (/Volumes/samsung_t9/cyrup/packages/sweetmcp/packages/plugin-builder)
   Compiling sweetmcp-graphql-client v0.1.0 (/Volumes/samsung_t9/cyrup/packages/sweetmcp/packages/graphql-client)
   Compiling sweetmcp-sse-client v0.1.0 (/Volumes/samsung_t9/cyrup/packages/sweetmcp/packages/sse-client)
   Compiling sweetmcp-voice-tools v0.1.0 (/Volumes/samsung_t9/cyrup/packages/sweetmcp/packages/voice-tools)
   Compiling sweet_mcp_type v0.1.0 (/Volumes/samsung_t9/cyrup/packages/sweetmcp/packages/sweet-mcp-type)
   Compiling pingora-ketama v0.6.0 (/Volumes/samsung_t9/cyrup/forks/pingora/pingora-ketama)
   Compiling sweetmcp-capnp-client v0.1.0 (/Volumes/samsung_t9/cyrup/packages/sweetmcp/packages/capnp-client)
   Compiling cylo v0.1.0 (/Volumes/samsung_t9/cyrup/packages/cylo)
   Compiling pingora-core v0.6.0 (/Volumes/samsung_t9/cyrup/forks/pingora/pingora-core)
   Compiling sweetmcp-json-client v0.1.0 (/Volumes/samsung_t9/cyrup/packages/sweetmcp/packages/json-client)
   Compiling pingora-openssl v0.6.0 (/Volumes/samsung_t9/cyrup/forks/pingora/pingora-openssl)
   Compiling cyrup_simd v0.1.0 (/Volumes/samsung_t9/cyrup/packages/simd)
   Compiling pingora v0.6.0 (/Volumes/samsung_t9/cyrup/forks/pingora/pingora)
   Compiling pingora-boringssl v0.6.0 (/Volumes/samsung_t9/cyrup/forks/pingora/pingora-boringssl)
   Compiling pingora-proxy v0.6.0 (/Volumes/samsung_t9/cyrup/forks/pingora/pingora-proxy)
   Compiling pingora-header-serde v0.6.0 (/Volumes/samsung_t9/cyrup/forks/pingora/pingora-header-serde)
   Compiling sweetmcp-axum v0.1.0 (/Volumes/samsung_t9/cyrup/packages/sweetmcp/packages/axum)
   Compiling sweetmcp-daemon v0.2.0 (/Volumes/samsung_t9/cyrup/packages/sweetmcp/packages/daemon)
    Finished `test` profile [unoptimized + debuginfo] target(s) in 1m 11s
     Running unittests src/lib.rs (Volumes/samsung_t9/cyrup/target/debug/deps/cylo-00506d18844eb2b9)

running 36 tests
test backends::tests::execution_result_failure ... ok
test backends::tests::execution_result_success ... ok
test backends::tests::available_backends_list ... ok
test backends::apple::tests::execution_command_preparation ... ok
test backends::apple::tests::supported_languages ... ok
test backends::apple::tests::image_format_validation ... ok
test execution_env::tests::cylo_apple_creation ... ok
test backends::apple::tests::backend_creation ... ok
test execution_env::tests::cylo_landlock_creation ... ok
test execution_env::tests::cylo_firecracker_creation ... ok
test execution_env::tests::display_formatting ... ok
test execution_env::tests::image_validation ... ok
test backends::tests::health_status_creation ... ok
test backends::tests::execution_request_builder ... ok
test backends::tests::backend_config_builder ... ok
test execution_env::tests::instance_name_validation ... ok
test execution_env::tests::instance_creation ... ok
test execution_env::tests::landlock_path_validation ... ok
test instance_manager::tests::custom_configuration ... ok
test instance_manager::tests::global_instance_manager_access ... ok
test instance_manager::tests::instance_manager_creation ... ok
test instance_manager::tests::health_check_all ... ok
test instance_manager::tests::cleanup_idle_instances ... ok
test instance_manager::tests::shutdown ... ok
test instance_manager::tests::instance_not_found ... ok
test instance_manager::tests::instance_registration_and_retrieval ... ok
test exec::tests::test_exec_go ... ok
test instance_manager::tests::instance_list ... ok
test exec::tests::test_exec_rust ... ok
test exec::tests::test_exec_js ... ok
test exec::tests::test_exec_bash ... ok
test exec::tests::test_exec_python ... ok
test platform::tests::backend_availability ... ok
test platform::tests::utility_functions ... ok
test platform::tests::platform_specific_detection ... ok
test platform::tests::platform_detection ... ok

test result: ok. 36 passed; 0 failed; 0 ignored; 0 measured; 0 filtered out; finished in 0.20s

     Running tests/tests.rs (Volumes/samsung_t9/cyrup/target/debug/deps/tests-1995723732319fc6)

running 4 tests
test tests::test_config_parsing ... ok
test tests::test_macos_specific ... FAILED
test tests::test_exec_languages has been running for over 60 seconds
test tests::test_ramdisk_lifecycle has been running for over 60 seconds
test tests::test_ramdisk_lifecycle ... ok
test tests::test_exec_languages ... ok

failures:

---- tests::test_macos_specific stdout ----

thread 'tests::test_macos_specific' (14473805) panicked at packages/cylo/tests/tests.rs:87:33:
called `Result::unwrap()` on an `Err` value: Io(Os { code: 13, kind: PermissionDenied, message: "Permission denied" })
note: run with `RUST_BACKTRACE=1` environment variable to display a backtrace


failures:
    tests::test_macos_specific

test result: FAILED. 3 passed; 1 failed; 0 ignored; 0 measured; 0 filtered out; finished in 583.61s

error: test failed, to rerun pass `-p cylo --test tests`
